<?xml version="1.0" encoding="UTF-8"?>
<!-- Generated by org.testng.reporters.JUnitReportReporter -->
<testsuite skipped="0" hostname="DineshReddy" name="NewPrograms.CrossBrowserTesting" tests="2" failures="0" timestamp="2020-06-13T11:48:11 IST" time="16.918" errors="0">
  <testcase name="getPagetitle" time="8.403" classname="NewPrograms.CrossBrowserTesting"/>
  <testcase name="getPagetitle" time="8.515" classname="NewPrograms.CrossBrowserTesting"/>
</testsuite> <!-- NewPrograms.CrossBrowserTesting -->
