<?xml version="1.0" encoding="UTF-8"?>
<!-- Generated by org.testng.reporters.JUnitReportReporter -->
<testsuite skipped="0" hostname="DESKTOP-319J8HJ" name="InterviewPrograms.TestingTestNG" tests="4" failures="0" timestamp="28 May 2019 17:25:30 GMT" time="0.035" errors="0">
  <testcase name="test1" time="0.025" classname="InterviewPrograms.TestingTestNG"/>
  <testcase name="test1" time="0.004" classname="InterviewPrograms.TestingTestNG"/>
  <testcase name="test1" time="0.003" classname="InterviewPrograms.TestingTestNG"/>
  <testcase name="test" time="0.003" classname="InterviewPrograms.TestingTestNG"/>
</testsuite> <!-- InterviewPrograms.TestingTestNG -->
