<?xml version="1.0" encoding="UTF-8"?>
<!-- Generated by org.testng.reporters.JUnitReportReporter -->
<testsuite skipped="1" hostname="DineshReddy" name="JavaPrograms.AuthenticationPopup" tests="2" failures="0" timestamp="2020-06-17T13:09:10 IST" time="16.374" errors="0">
  <testcase name="test1" time="16.369" classname="JavaPrograms.AuthenticationPopup"/>
  <testcase name="test2" time="0.005" classname="JavaPrograms.AuthenticationPopup">
    <skipped/>
  </testcase> <!-- test2 -->
</testsuite> <!-- JavaPrograms.AuthenticationPopup -->
