<?xml version="1.0" encoding="UTF-8"?>
<!-- Generated by org.testng.reporters.JUnitReportReporter -->
<testsuite skipped="0" hostname="DineshReddy" name="Selenium4.CaptureScreenshot" tests="1" failures="0" timestamp="2020-06-03T11:30:51 IST" time="11.246" errors="0">
  <testcase name="screenshotTest" time="11.246" classname="Selenium4.CaptureScreenshot"/>
</testsuite> <!-- Selenium4.CaptureScreenshot -->
