<?xml version="1.0" encoding="UTF-8"?>
<!-- Generated by org.testng.reporters.JUnitReportReporter -->
<testsuite skipped="1" hostname="DineshReddy" name="Selenium4.OpenNewTab" tests="2" failures="0" timestamp="2020-06-03T20:17:36 IST" time="22.921" errors="0">
  <testcase name="openNewWindow" time="22.921" classname="Selenium4.OpenNewTab"/>
  <testcase name="openNewTab" classname="Selenium4.OpenNewTab">
    <skipped/>
  </testcase> <!-- openNewTab -->
</testsuite> <!-- Selenium4.OpenNewTab -->
