<?xml version="1.0" encoding="UTF-8"?>
<!-- Generated by org.testng.reporters.JUnitReportReporter -->
<testsuite skipped="0" hostname="DineshReddy" name="Selenium4.Locators" tests="1" failures="0" timestamp="2020-06-03T20:41:02 IST" time="0.177" errors="0">
  <testcase name="test1" time="0.177" classname="Selenium4.Locators"/>
</testsuite> <!-- Selenium4.Locators -->
