<?xml version="1.0" encoding="UTF-8"?>
<!-- Generated by org.testng.reporters.JUnitReportReporter -->
<testsuite skipped="0" hostname="DineshReddy" name="Selenium4.GetDimension" tests="1" failures="0" timestamp="2020-06-03T20:24:38 IST" time="14.712" errors="0">
  <testcase name="getLocation" time="14.712" classname="Selenium4.GetDimension"/>
</testsuite> <!-- Selenium4.GetDimension -->
