<?xml version="1.0" encoding="UTF-8"?>
<!-- Generated by org.testng.reporters.JUnitReportReporter -->
<testsuite hostname="DESKTOP-F7A3THU" name="Selenium4.CaptureScreenshot" tests="1" failures="0" timestamp="25 Jun 2020 16:53:54 GMT" time="10.286" errors="0">
  <testcase name="screenshotTest" time="10.286" classname="Selenium4.CaptureScreenshot"/>
</testsuite> <!-- Selenium4.CaptureScreenshot -->
