<?xml version="1.0" encoding="UTF-8"?>
<!-- Generated by org.testng.reporters.JUnitReportReporter -->
<testsuite hostname="DESKTOP-F7A3THU" name="Selenium4.OpenNewTab" tests="1" failures="0" timestamp="22 Jun 2020 15:51:51 GMT" time="23.327" errors="0">
  <testcase name="openNewWindow" time="23.327" classname="Selenium4.OpenNewTab"/>
</testsuite> <!-- Selenium4.OpenNewTab -->
