<?xml version="1.0" encoding="UTF-8"?>
<!-- Generated by org.testng.reporters.JUnitReportReporter -->
<testsuite skipped="0" hostname="DineshReddy" name="com.banking.TestCases.AddCustomer_003" tests="1" failures="0" timestamp="14 May 2020 16:34:15 GMT" time="19.515" errors="0">
  <testcase name="addNewCustomer" time="19.515" classname="com.banking.TestCases.AddCustomer_003"/>
</testsuite> <!-- com.banking.TestCases.AddCustomer_003 -->
