<?xml version="1.0" encoding="UTF-8"?>
<!-- Generated by org.testng.reporters.JUnitReportReporter -->
<testsuite skipped="0" hostname="DineshReddy" name="com.banking.TestCases.AddCustomer_003" tests="1" failures="0" timestamp="16 May 2020 16:38:31 GMT" time="70.580" errors="0">
  <testcase name="addNewCustomer" time="70.580" classname="com.banking.TestCases.AddCustomer_003"/>
</testsuite> <!-- com.banking.TestCases.AddCustomer_003 -->
