<?xml version="1.0" encoding="UTF-8"?>
<!-- Generated by org.testng.reporters.JUnitReportReporter -->
<testsuite skipped="0" hostname="DineshReddy" name="com.banking.TestCases.LoginTest_001" tests="1" failures="0" timestamp="10 May 2020 14:53:17 GMT" time="4.917" errors="0">
  <testcase name="loginTest" time="4.917" classname="com.banking.TestCases.LoginTest_001"/>
</testsuite> <!-- com.banking.TestCases.LoginTest_001 -->
