<?xml version="1.0" encoding="UTF-8"?>
<!-- Generated by org.testng.reporters.JUnitReportReporter -->
<testsuite skipped="0" hostname="DineshReddy" name="com.banking.TestCases.LoginTest_001" tests="1" failures="0" timestamp="12 May 2020 17:05:38 GMT" time="2.748" errors="0">
  <testcase name="loginTest" time="2.748" classname="com.banking.TestCases.LoginTest_001"/>
</testsuite> <!-- com.banking.TestCases.LoginTest_001 -->
