<?xml version="1.0" encoding="UTF-8"?>
<!-- Generated by org.testng.reporters.JUnitReportReporter -->
<testsuite hostname="DESKTOP-EE5TJE1" name="MercuryTours.MercuryTours.LoginValidation" tests="1" failures="0" timestamp="21 Dec 2019 14:56:16 GMT" time="4.316" errors="0">
  <testcase name="validateSignIn" time="4.316" classname="MercuryTours.MercuryTours.LoginValidation"/>
</testsuite>
